[LOG] system_create                            : Header version = 2.03.06. Current version = 2.03.06.
[LOG] Manager::init                            : maxchannels = 256 studioflags = 00000006 flags 00000000 extradriverdata 0000000000000000.
[LOG] SystemI::init                            : Initialize version=20306 (149358), maxchannels=256, flags=0x00020000
[LOG] SystemI::setOutputInternal               : Setting output to 'FMOD WASAPI Output'
[LOG] OutputWASAPI::init                       : Mix Format (WAVEFORMATEX): wFormatTag=0xFFFE, nChannels=8, nSamplesPerSec=96000, nAvgBytesPerSec=3072000, nBlockAlign=32, wBitsPerSample=32, cbSize=22.
[LOG] OutputWASAPI::init                       : Mix Format (WAVEFORMATEXTENSIBLE): wValidBitsPerSample=32, dwChannelMask=0x0000063F, SubFormat=00000003-0000-0010-8000-00AA00389B71.
[LOG] OutputWASAPI::init                       : Output buffer size: 4096 samples, latency: 0.00ms, period: 10.00ms, DSP buffer: 512 * 4
[LOG] SystemI::init                            : Output requires a sample rate of 96000Hz, resampling will occur.
[LOG] DownMix::init                            : dspbuffersize: 512  rate: 48000. output speaker mode: 7, input speaker mode 3
[LOG] DownMix::init                            : done.
[LOG] Thread::initThread                       : Init FMOD stream thread. Affinity: 0x4000000000000003, Priority: 0xFFFF7FFB, Stack Size: 98304, Semaphore: No, Sleep Time: 10, Looping: Yes.
[LOG] SystemI::DSPCodecPoolRegister            : register codec pool for pool type 0
[LOG] Thread::initThread                       : Init FMOD mixer thread. Affinity: 0x4000000000000001, Priority: 0xFFFF7FFA, Stack Size: 81920, Semaphore: No, Sleep Time: 0, Looping: Yes.
[LOG] AsyncManager::init                       : manager 0000027BA5853438 isAsync 0 updatePeriod 0.02
[LOG] AsyncManager::init                       : done
[LOG] PlaybackSystem::init                     : 
[LOG] Thread::initThread                       : Init FMOD Studio sample load thread. Affinity: 0x4000000000000003, Priority: 0xFFFF7FFD, Stack Size: 98304, Semaphore: No, Sleep Time: 1, Looping: No.
[LOG] PlaybackSystem::init                     : done
[LOG] Thread::initThread                       : Init FMOD Studio bank load thread. Affinity: 0x4000000000000003, Priority: 0xFFFF7FFD, Stack Size: 98304, Semaphore: No, Sleep Time: 1, Looping: No.
[LOG] Manager::init                            : done.
[LOG] BankLoader::serializeBank                : fileversion = 146, compatVersion = 146 (oldest = 44, newest = 146)
[LOG] BankLoader::serializeBank                : fileversion = 146, compatVersion = 146 (oldest = 44, newest = 146)
[LOG] BankLoader::serializeBank                : fileversion = 146, compatVersion = 146 (oldest = 44, newest = 146)
[LOG] PlaybackSystem::acquireMasterBus         : Setting master channel group format to 6
[LOG] BankLoader::serializeBank                : fileversion = 146, compatVersion = 146 (oldest = 44, newest = 146)
[LOG] SoundI::release                          : Line1 - MedicalWing - CryoBay - Processed (0000027BA4AA9368)
[LOG] SoundI::release                          :     Line1 - MedicalWing - CryoBay - Processed (0000027AFD95FEB8)
[LOG] SoundI::release                          :     Line1 - MedicalWing - CryoBay - Processed (0000027BA4AA9E58)
[LOG] SoundI::release                          : Line1 - MedicalWing - CryoBay - Processed (0000027BA4AA8558)
[LOG] SoundI::release                          :     Line1 - MedicalWing - CryoBay - Processed (0000027AFD95E3B8)
[LOG] SoundI::release                          :     Line1 - MedicalWing - CryoBay - Processed (0000027BA4AAA308)
[LOG] SystemI::createSound                     : filename = Assets/Helios-Tau/Build/Desktop/Master.bank : mode 02010082
[LOG] SystemI::createSound                     : FMOD_NONBLOCKING specified.  Putting into queue to be opened asynchronously!
[LOG] AsyncThread::add                         : add sound to async queue : soundi = 0000027BA4AA80A8, queue head = 0000027BA4AA9328, queue count = 0
[LOG] AsyncThread::threadFunc                  : Starting Asynchronous operation on sound 0000027BA4AA80A8
[LOG] SystemI::createSoundInternal             :     Create name='Assets/Helios-Tau/Build/Desktop/Master.bank', mode=0x02010082
[LOG] SystemI::createSoundInternal             :     exinfo->cbsize             = 224
[LOG] SystemI::createSoundInternal             :     exinfo->length             = 3619968
[LOG] SystemI::createSoundInternal             :     exinfo->fileoffset         = 38976
[LOG] SystemI::createSoundInternal             :     exinfo->numsubsounds       = 1
[LOG] SystemI::createSound                     :     filename = Assets/Helios-Tau/Build/Desktop/Master.bank : mode 02010082
[LOG] SystemI::createSoundInternal             :     exinfo->inclusionlist      = 0000027B0C265408
[LOG] SystemI::createSound                     :     FMOD_NONBLOCKING specified.  Putting into queue to be opened asynchronously!
[LOG] SystemI::createSoundInternal             :     exinfo->inclusionlistnum   = 1
[LOG] AsyncThread::add                         :     add sound to async queue : soundi = 0000027BA4AAB438, queue head = 0000027BA4AA9328, queue count = 0
[LOG] SystemI::createSoundInternal             :     exinfo->suggestedsoundtype = 5
[LOG] SystemI::createSoundInternal             :     exinfo->initialseekpostype = 1
[LOG] SystemI::createSoundInternal             :     Stream 0/1: name='Line1 - MedicalWing - CryoBay - Processed', format=5, channels=2, frequency=48000, lengthbytes=145408, lengthpcm=577480, pcmblocksize=0, loopstart=0, loopend=0, mode=0x00000000, channelmask=0x00000000, channelorder=0, peakvolume=0.124756.
[LOG] AsyncThread::threadFunc                  : Finished Asynchronous operation on sound 0000027BA4AA80A8
[LOG] AsyncThread::threadFunc                  : Starting Asynchronous operation on sound 0000027BA4AAB438
[LOG] SystemI::createSoundInternal             :     Create name='Assets/Helios-Tau/Build/Desktop/Master.bank', mode=0x02010082
[LOG] SystemI::createSoundInternal             :     exinfo->cbsize             = 224
[LOG] SystemI::createSoundInternal             :     exinfo->length             = 3619968
[LOG] SystemI::createSoundInternal             :     exinfo->fileoffset         = 38976
[LOG] SystemI::createSoundInternal             :     exinfo->numsubsounds       = 1
[LOG] SystemI::createSoundInternal             :     exinfo->inclusionlist      = 0000027B0C267BE8
[LOG] SystemI::createSoundInternal             :     exinfo->inclusionlistnum   = 1
[LOG] SystemI::createSoundInternal             :     exinfo->suggestedsoundtype = 5
[LOG] SystemI::createSoundInternal             :     exinfo->initialseekposition = 6500
[LOG] SystemI::createSoundInternal             :     exinfo->initialseekpostype = 1
[LOG] SystemI::createSoundInternal             :     Stream 0/1: name='Line1 - MedicalWing - CryoBay - Processed', format=5, channels=2, frequency=48000, lengthbytes=145408, lengthpcm=577480, pcmblocksize=0, loopstart=0, loopend=0, mode=0x00000000, channelmask=0x00000000, channelorder=0, peakvolume=0.124756.
[LOG] AsyncThread::threadFunc                  : Finished Asynchronous operation on sound 0000027BA4AAB438
[LOG] SystemI::createSoundInternal             : Create name='', mode=0x02000202
[LOG] SystemI::createSoundInternal             : exinfo->cbsize             = 224
[LOG] SystemI::createSoundInternal             : exinfo->length             = 821440
[LOG] SystemI::createSoundInternal             : exinfo->fileoffset         = 13152
[LOG] SystemI::createSoundInternal             : exinfo->numsubsounds       = 1
[LOG] SystemI::createSoundInternal             : exinfo->inclusionlist      = 000000EBC71DEFA8
[LOG] SystemI::createSoundInternal             : exinfo->inclusionlistnum   = 1
[LOG] SystemI::createSoundInternal             : exinfo->suggestedsoundtype = 5
[LOG] SystemI::createSoundInternal             : exinfo->useropen           = 00007FFC2D79D3E0
[LOG] SystemI::createSoundInternal             : exinfo->userclose          = 00007FFC2D79D3A0
[LOG] SystemI::createSoundInternal             : exinfo->userread           = 00007FFC2D79D4C0
[LOG] SystemI::createSoundInternal             : exinfo->userseek           = 00007FFC2D79D580
[LOG] SystemI::createSoundInternal             : exinfo->fileuserdata       = 0000027A74E5F778
[LOG] SystemI::createSoundInternal             : exinfo->initialseekpostype = 1
[LOG] SystemI::DSPCodecPoolRegister            : register codec pool for pool type 4
[LOG] SystemI::createSoundInternal             : Sample 0/1: name='FootSteps5', format=5, channels=2, frequency=48000, lengthbytes=10400, lengthpcm=38625, pcmblocksize=0, loopstart=0, loopend=0, mode=0x00000000, channelmask=0x00000000, channelorder=0, peakvolume=0.182037.
[LOG] SystemI::createSoundInternal             : Create name='', mode=0x02000202
[LOG] SystemI::createSoundInternal             : exinfo->cbsize             = 224
[LOG] SystemI::createSoundInternal             : exinfo->length             = 821440
[LOG] SystemI::createSoundInternal             : exinfo->fileoffset         = 13152
[LOG] SystemI::createSoundInternal             : exinfo->numsubsounds       = 1
[LOG] SystemI::createSoundInternal             : exinfo->inclusionlist      = 000000EBC71DEFA8
[LOG] SystemI::createSoundInternal             : exinfo->inclusionlistnum   = 1
[LOG] SystemI::createSoundInternal             : exinfo->suggestedsoundtype = 5
[LOG] SystemI::createSoundInternal             : exinfo->useropen           = 00007FFC2D79D3E0
[LOG] SystemI::createSoundInternal             : exinfo->userclose          = 00007FFC2D79D3A0
[LOG] SystemI::createSoundInternal             : exinfo->userread           = 00007FFC2D79D4C0
[LOG] SystemI::createSoundInternal             : exinfo->userseek           = 00007FFC2D79D580
[LOG] SystemI::createSoundInternal             : exinfo->fileuserdata       = 0000027A74E5F778
[LOG] SystemI::createSoundInternal             : exinfo->initialseekpostype = 1
[LOG] SystemI::DSPCodecPoolRegister            : register codec pool for pool type 4
[LOG] SystemI::createSoundInternal             : Sample 0/1: name='FootSteps4', format=5, channels=2, frequency=48000, lengthbytes=10336, lengthpcm=38625, pcmblocksize=0, loopstart=0, loopend=0, mode=0x00000000, channelmask=0x00000000, channelorder=0, peakvolume=0.279297.
[LOG] SystemI::createSoundInternal             : Create name='', mode=0x02000202
[LOG] SystemI::createSoundInternal             : exinfo->cbsize             = 224
[LOG] SystemI::createSoundInternal             : exinfo->length             = 821440
[LOG] SystemI::createSoundInternal             : exinfo->fileoffset         = 13152
[LOG] SystemI::createSoundInternal             : exinfo->numsubsounds       = 1
[LOG] SystemI::createSoundInternal             : exinfo->inclusionlist      = 000000EBC71DEFA8
[LOG] SystemI::createSoundInternal             : exinfo->inclusionlistnum   = 1
[LOG] SystemI::createSoundInternal             : exinfo->suggestedsoundtype = 5
[LOG] SystemI::createSoundInternal             : exinfo->useropen           = 00007FFC2D79D3E0
[LOG] SystemI::createSoundInternal             : exinfo->userclose          = 00007FFC2D79D3A0
[LOG] SystemI::createSoundInternal             : exinfo->userread           = 00007FFC2D79D4C0
[LOG] SystemI::createSoundInternal             : exinfo->userseek           = 00007FFC2D79D580
[LOG] SystemI::createSoundInternal             : exinfo->fileuserdata       = 0000027A74E5F778
[LOG] SystemI::createSoundInternal             : exinfo->initialseekpostype = 1
[LOG] SystemI::DSPCodecPoolRegister            : register codec pool for pool type 4
[LOG] SystemI::createSoundInternal             : Sample 0/1: name='FootSteps3', format=5, channels=2, frequency=48000, lengthbytes=10400, lengthpcm=38466, pcmblocksize=0, loopstart=0, loopend=0, mode=0x00000000, channelmask=0x00000000, channelorder=0, peakvolume=0.246765.
[LOG] SystemI::createSoundInternal             : Create name='', mode=0x02000202
[LOG] SystemI::createSoundInternal             : exinfo->cbsize             = 224
[LOG] SystemI::createSoundInternal             : exinfo->length             = 821440
[LOG] SystemI::createSoundInternal             : exinfo->fileoffset         = 13152
[LOG] SystemI::createSoundInternal             : exinfo->numsubsounds       = 1
[LOG] SystemI::createSoundInternal             : exinfo->inclusionlist      = 000000EBC71DEFA8
[LOG] SystemI::createSoundInternal             : exinfo->inclusionlistnum   = 1
[LOG] SystemI::createSoundInternal             : exinfo->suggestedsoundtype = 5
[LOG] SystemI::createSoundInternal             : exinfo->useropen           = 00007FFC2D79D3E0
[LOG] SystemI::createSoundInternal             : exinfo->userclose          = 00007FFC2D79D3A0
[LOG] SystemI::createSoundInternal             : exinfo->userread           = 00007FFC2D79D4C0
[LOG] SystemI::createSoundInternal             : exinfo->userseek           = 00007FFC2D79D580
[LOG] SystemI::createSoundInternal             : exinfo->fileuserdata       = 0000027A74E5F778
[LOG] SystemI::createSoundInternal             : exinfo->initialseekpostype = 1
[LOG] SystemI::DSPCodecPoolRegister            : register codec pool for pool type 4
[LOG] SystemI::createSoundInternal             : Sample 0/1: name='FootSteps6', format=5, channels=2, frequency=48000, lengthbytes=10272, lengthpcm=38625, pcmblocksize=0, loopstart=0, loopend=0, mode=0x00000000, channelmask=0x00000000, channelorder=0, peakvolume=0.191010.
[LOG] SystemI::createSoundInternal             : Create name='', mode=0x02000202
[LOG] SystemI::createSoundInternal             : exinfo->cbsize             = 224
[LOG] SystemI::createSoundInternal             : exinfo->length             = 821440
[LOG] SystemI::createSoundInternal             : exinfo->fileoffset         = 13152
[LOG] SystemI::createSoundInternal             : exinfo->numsubsounds       = 1
[LOG] SystemI::createSoundInternal             : exinfo->inclusionlist      = 000000EBC71DEFA8
[LOG] SystemI::createSoundInternal             : exinfo->inclusionlistnum   = 1
[LOG] SystemI::createSoundInternal             : exinfo->suggestedsoundtype = 5
[LOG] SystemI::createSoundInternal             : exinfo->useropen           = 00007FFC2D79D3E0
[LOG] SystemI::createSoundInternal             : exinfo->userclose          = 00007FFC2D79D3A0
[LOG] SystemI::createSoundInternal             : exinfo->userread           = 00007FFC2D79D4C0
[LOG] SystemI::createSoundInternal             : exinfo->userseek           = 00007FFC2D79D580
[LOG] SystemI::createSoundInternal             : exinfo->fileuserdata       = 0000027A74E5F778
[LOG] SystemI::createSoundInternal             : exinfo->initialseekpostype = 1
[LOG] SystemI::DSPCodecPoolRegister            : register codec pool for pool type 4
[LOG] SystemI::createSoundInternal             : Sample 0/1: name='FootSteps1', format=5, channels=2, frequency=48000, lengthbytes=10176, lengthpcm=37830, pcmblocksize=0, loopstart=0, loopend=0, mode=0x00000000, channelmask=0x00000000, channelorder=0, peakvolume=0.198700.
[LOG] SystemI::createSoundInternal             : Create name='', mode=0x02000202
[LOG] SystemI::createSoundInternal             : exinfo->cbsize             = 224
[LOG] SystemI::createSoundInternal             : exinfo->length             = 821440
[LOG] SystemI::createSoundInternal             : exinfo->fileoffset         = 13152
[LOG] SystemI::createSoundInternal             : exinfo->numsubsounds       = 1
[LOG] SystemI::createSoundInternal             : exinfo->inclusionlist      = 000000EBC71DEFA8
[LOG] SystemI::createSoundInternal             : exinfo->inclusionlistnum   = 1
[LOG] SystemI::createSoundInternal             : exinfo->suggestedsoundtype = 5
[LOG] SystemI::createSoundInternal             : exinfo->useropen           = 00007FFC2D79D3E0
[LOG] SystemI::createSoundInternal             : exinfo->userclose          = 00007FFC2D79D3A0
[LOG] SystemI::createSoundInternal             : exinfo->userread           = 00007FFC2D79D4C0
[LOG] SystemI::createSoundInternal             : exinfo->userseek           = 00007FFC2D79D580
[LOG] SystemI::createSoundInternal             : exinfo->fileuserdata       = 0000027A74E5F778
[LOG] SystemI::createSoundInternal             : exinfo->initialseekpostype = 1
[LOG] SystemI::DSPCodecPoolRegister            : register codec pool for pool type 4
[LOG] SystemI::createSoundInternal             : Sample 0/1: name='FootSteps2', format=5, channels=2, frequency=48000, lengthbytes=10432, lengthpcm=38466, pcmblocksize=0, loopstart=0, loopend=0, mode=0x00000000, channelmask=0x00000000, channelorder=0, peakvolume=0.178406.
[LOG] SoundI::release                          : Line1 - MedicalWing - CryoBay - Processed (0000027BA4AAB438)
[LOG] SoundI::release                          :     Line1 - MedicalWing - CryoBay - Processed (0000027AFD95EFB8)
[LOG] SoundI::release                          :     Line1 - MedicalWing - CryoBay - Processed (0000027BA4AA8238)
[LOG] SystemI::createSound                     : filename = Assets/Helios-Tau/Build/Desktop/Master.bank : mode 02010082
[LOG] SystemI::createSound                     : FMOD_NONBLOCKING specified.  Putting into queue to be opened asynchronously!
[LOG] AsyncThread::add                         : add sound to async queue : soundi = 0000027BA4AB2FA8, queue head = 0000027BA4AA9328, queue count = 0
[LOG] AsyncThread::threadFunc                  : Starting Asynchronous operation on sound 0000027BA4AB2FA8
[LOG] SystemI::createSoundInternal             :     Create name='Assets/Helios-Tau/Build/Desktop/Master.bank', mode=0x02010082
[LOG] SystemI::createSoundInternal             :     exinfo->cbsize             = 224
[LOG] SystemI::createSoundInternal             :     exinfo->length             = 3619968
[LOG] SystemI::createSoundInternal             :     exinfo->fileoffset         = 38976
[LOG] SystemI::createSoundInternal             :     exinfo->numsubsounds       = 1
[LOG] SystemI::createSoundInternal             :     exinfo->inclusionlist      = 0000027B0C266748
[LOG] SystemI::createSoundInternal             :     exinfo->inclusionlistnum   = 1
[LOG] SystemI::createSoundInternal             :     exinfo->suggestedsoundtype = 5
[LOG] SystemI::createSoundInternal             :     exinfo->initialseekposition = 8500
[LOG] SystemI::createSoundInternal             :     exinfo->initialseekpostype = 1
[LOG] SystemI::createSoundInternal             :     Stream 0/1: name='Line1 - MedicalWing - CryoBay - Processed', format=5, channels=2, frequency=48000, lengthbytes=145408, lengthpcm=577480, pcmblocksize=0, loopstart=0, loopend=0, mode=0x00000000, channelmask=0x00000000, channelorder=0, peakvolume=0.124756.
[LOG] AsyncThread::threadFunc                  : Finished Asynchronous operation on sound 0000027BA4AB2FA8
[LOG] SoundI::release                          : Line1 - MedicalWing - CryoBay - Processed (0000027BA4AA80A8)
[LOG] SoundI::release                          :     Line1 - MedicalWing - CryoBay - Processed (0000027AFD95E3B8)
[LOG] SoundI::release                          :     Line1 - MedicalWing - CryoBay - Processed (0000027BA4AAA308)
[LOG] SoundI::release                          : Line1 - MedicalWing - CryoBay - Processed (0000027BA4AB2FA8)
[LOG] SoundI::release                          :     Line1 - MedicalWing - CryoBay - Processed (0000027AFD960938)
[LOG] SoundI::release                          :     Line1 - MedicalWing - CryoBay - Processed (0000027BA4AB1838)
[LOG] SoundI::release                          :  (0000027B0C269F38)
[LOG] SoundI::release                          :     BloodMonsterAttempt1 (0000027AFD95D7B8)
[LOG] SoundI::release                          :  (0000027B0C2664A8)
[LOG] SoundI::release                          :     FootSteps5 (0000027AFD960DB8)
[LOG] SoundI::release                          :  (0000027B0C266FA8)
[LOG] SoundI::release                          :     FootSteps6 (0000027AFD960F38)
[LOG] SoundI::release                          :  (0000027B0C267D68)
[LOG] SoundI::release                          :     FootSteps1 (0000027AFD95E838)
[LOG] SoundI::release                          :  (0000027B0C2661E8)
[LOG] SoundI::release                          :     FootSteps2 (0000027AFD95E9B8)
[LOG] SoundI::release                          :  (0000027B0C2685A8)
[LOG] SoundI::release                          :     FootSteps3 (0000027AFD95DF38)
[LOG] SoundI::release                          :  (0000027B0C265848)
[LOG] SoundI::release                          :     FootSteps4 (0000027AFD95DC38)
[LOG] Thread::callback                         : FMOD Studio update thread finished.
[LOG] Thread::callback                         : FMOD Studio bank load thread finished.
[LOG] Profile::disconnectAll                   : Profiler disconnecting all clients
[LOG] Thread::callback                         : FMOD Studio sample load thread finished.
[LOG] LiveUpdate::release                      : 
[LOG] LiveUpdate::reset                        : Reset connection (reason Disconnected)
[LOG] Thread::callback                         : FMOD stream thread finished.
[LOG] Thread::callback                         : FMOD mixer thread finished.
[LOG] Profile::disconnectAll                   : Profiler disconnecting all clients
[LOG] SystemI::closeInternal                   : Closed.
[LOG] Thread::callback                         : FMOD Studio bank load thread finished.
[LOG] Thread::callback                         : FMOD Studio sample load thread finished.
[LOG] LiveUpdate::release                      : 
[LOG] LiveUpdate::reset                        : Reset connection (reason Disconnected)
[LOG] Thread::callback                         : FMOD stream thread finished.
[LOG] Thread::callback                         : FMOD mixer thread finished.
[LOG] SystemI::closeInternal                   : Closed.
[LOG] Thread::callback                         : FMOD nonblocking thread (0) finished.
[LOG] Thread::callback                         : FMOD file thread finished.
